c:\users\darine sherif\desktop\dsa project extracted\dsa project\dsa_project\dsa_project\x64\debug\vc143.pdb
c:\users\darine sherif\desktop\dsa project extracted\dsa project\dsa_project\dsa_project\x64\debug\vc143.idb
c:\users\darine sherif\desktop\dsa project extracted\dsa project\dsa_project\dsa_project\x64\debug\ui.obj
c:\users\darine sherif\desktop\dsa project extracted\dsa project\dsa_project\dsa_project\x64\debug\patient.obj
c:\users\darine sherif\desktop\dsa project extracted\dsa project\dsa_project\dsa_project\x64\debug\organizer.obj
c:\users\darine sherif\desktop\dsa project extracted\dsa project\dsa_project\dsa_project\x64\debug\hospital.obj
c:\users\darine sherif\desktop\dsa project extracted\dsa project\dsa_project\dsa_project\x64\debug\epatient.obj
c:\users\darine sherif\desktop\dsa project extracted\dsa project\dsa_project\dsa_project\x64\debug\car.obj
c:\users\darine sherif\desktop\dsa project extracted\dsa project\dsa_project\x64\debug\dsa_project.pdb
c:\users\darine sherif\desktop\dsa project extracted\dsa project\dsa_project\dsa_project\x64\debug\dsa_project.tlog\cl.command.1.tlog
c:\users\darine sherif\desktop\dsa project extracted\dsa project\dsa_project\dsa_project\x64\debug\dsa_project.tlog\cl.read.1.tlog
c:\users\darine sherif\desktop\dsa project extracted\dsa project\dsa_project\dsa_project\x64\debug\dsa_project.tlog\cl.write.1.tlog
c:\users\darine sherif\desktop\dsa project extracted\dsa project\dsa_project\dsa_project\x64\debug\dsa_project.tlog\link-cvtres.read.1.tlog
c:\users\darine sherif\desktop\dsa project extracted\dsa project\dsa_project\dsa_project\x64\debug\dsa_project.tlog\link-cvtres.write.1.tlog
c:\users\darine sherif\desktop\dsa project extracted\dsa project\dsa_project\dsa_project\x64\debug\dsa_project.tlog\link-rc.read.1.tlog
c:\users\darine sherif\desktop\dsa project extracted\dsa project\dsa_project\dsa_project\x64\debug\dsa_project.tlog\link-rc.write.1.tlog
c:\users\darine sherif\desktop\dsa project extracted\dsa project\dsa_project\dsa_project\x64\debug\dsa_project.tlog\link.command.1.tlog
c:\users\darine sherif\desktop\dsa project extracted\dsa project\dsa_project\dsa_project\x64\debug\dsa_project.tlog\link.read.1.tlog
c:\users\darine sherif\desktop\dsa project extracted\dsa project\dsa_project\dsa_project\x64\debug\dsa_project.tlog\link.read.3.tlog
c:\users\darine sherif\desktop\dsa project extracted\dsa project\dsa_project\dsa_project\x64\debug\dsa_project.tlog\link.write.1.tlog
